[2021-08-30 13:39:28Z INFO HostContext] No proxy settings were found based on environmental variables (http_proxy/https_proxy/HTTP_PROXY/HTTPS_PROXY)
[2021-08-30 13:39:28Z INFO HostContext] Well known directory 'Bin': 'D:\my-data\other\laravel\foodmarket-backend\actions-runner\bin'
[2021-08-30 13:39:28Z INFO HostContext] Well known directory 'Root': 'D:\my-data\other\laravel\foodmarket-backend\actions-runner'
[2021-08-30 13:39:28Z INFO HostContext] Well known config file 'Credentials': 'D:\my-data\other\laravel\foodmarket-backend\actions-runner\.credentials'
[2021-08-30 13:39:28Z INFO Listener] Runner is built for Windows (X64) - win-x64.
[2021-08-30 13:39:28Z INFO Listener] RuntimeInformation: Microsoft Windows 10.0.19043.
[2021-08-30 13:39:28Z INFO Listener] Version: 2.280.3
[2021-08-30 13:39:28Z INFO Listener] Commit: 409920e9f03bd38fe6e58807f069394993ce32e4
[2021-08-30 13:39:28Z INFO Listener] Culture: en-US
[2021-08-30 13:39:28Z INFO Listener] UI Culture: en-US
[2021-08-30 13:39:28Z INFO HostContext] Well known directory 'Bin': 'D:\my-data\other\laravel\foodmarket-backend\actions-runner\bin'
[2021-08-30 13:39:28Z INFO HostContext] Well known directory 'Root': 'D:\my-data\other\laravel\foodmarket-backend\actions-runner'
[2021-08-30 13:39:28Z INFO Listener] Validating directory permissions for: 'D:\my-data\other\laravel\foodmarket-backend\actions-runner'
[2021-08-30 13:39:28Z INFO CommandLineParser] Parse
[2021-08-30 13:39:28Z INFO CommandLineParser] Parsing 5 args
[2021-08-30 13:39:28Z INFO CommandLineParser] parsing argument
[2021-08-30 13:39:28Z INFO CommandLineParser] HasArgs: False
[2021-08-30 13:39:28Z INFO CommandLineParser] Adding Command: configure
[2021-08-30 13:39:28Z INFO CommandLineParser] parsing argument
[2021-08-30 13:39:28Z INFO CommandLineParser] HasArgs: True
[2021-08-30 13:39:28Z INFO CommandLineParser] arg: url
[2021-08-30 13:39:28Z INFO CommandLineParser] parsing argument
[2021-08-30 13:39:28Z INFO CommandLineParser] HasArgs: True
[2021-08-30 13:39:28Z INFO CommandLineParser] Adding option 'url': 'https://github.com/anemadhon/foodmarket-bwa'
[2021-08-30 13:39:28Z INFO CommandLineParser] parsing argument
[2021-08-30 13:39:28Z INFO CommandLineParser] HasArgs: True
[2021-08-30 13:39:28Z INFO CommandLineParser] arg: token
[2021-08-30 13:39:28Z INFO CommandLineParser] parsing argument
[2021-08-30 13:39:28Z INFO CommandLineParser] HasArgs: True
[2021-08-30 13:39:28Z INFO CommandLineParser] Adding option 'token': '***'
[2021-08-30 13:39:28Z INFO Listener] Arguments parsed
[2021-08-30 13:39:28Z INFO Runner] ExecuteCommand
[2021-08-30 13:39:28Z INFO ConfigurationStore] currentAssemblyLocation: D:\my-data\other\laravel\foodmarket-backend\actions-runner\bin\Runner.Listener.dll
[2021-08-30 13:39:28Z INFO HostContext] Well known directory 'Bin': 'D:\my-data\other\laravel\foodmarket-backend\actions-runner\bin'
[2021-08-30 13:39:28Z INFO ConfigurationStore] binPath: D:\my-data\other\laravel\foodmarket-backend\actions-runner\bin
[2021-08-30 13:39:28Z INFO HostContext] Well known directory 'Bin': 'D:\my-data\other\laravel\foodmarket-backend\actions-runner\bin'
[2021-08-30 13:39:28Z INFO HostContext] Well known directory 'Root': 'D:\my-data\other\laravel\foodmarket-backend\actions-runner'
[2021-08-30 13:39:28Z INFO ConfigurationStore] RootFolder: D:\my-data\other\laravel\foodmarket-backend\actions-runner
[2021-08-30 13:39:28Z INFO HostContext] Well known directory 'Bin': 'D:\my-data\other\laravel\foodmarket-backend\actions-runner\bin'
[2021-08-30 13:39:28Z INFO HostContext] Well known directory 'Root': 'D:\my-data\other\laravel\foodmarket-backend\actions-runner'
[2021-08-30 13:39:28Z INFO HostContext] Well known config file 'Runner': 'D:\my-data\other\laravel\foodmarket-backend\actions-runner\.runner'
[2021-08-30 13:39:28Z INFO ConfigurationStore] ConfigFilePath: D:\my-data\other\laravel\foodmarket-backend\actions-runner\.runner
[2021-08-30 13:39:28Z INFO HostContext] Well known directory 'Bin': 'D:\my-data\other\laravel\foodmarket-backend\actions-runner\bin'
[2021-08-30 13:39:28Z INFO HostContext] Well known directory 'Root': 'D:\my-data\other\laravel\foodmarket-backend\actions-runner'
[2021-08-30 13:39:28Z INFO HostContext] Well known config file 'Credentials': 'D:\my-data\other\laravel\foodmarket-backend\actions-runner\.credentials'
[2021-08-30 13:39:28Z INFO ConfigurationStore] CredFilePath: D:\my-data\other\laravel\foodmarket-backend\actions-runner\.credentials
[2021-08-30 13:39:28Z INFO HostContext] Well known directory 'Bin': 'D:\my-data\other\laravel\foodmarket-backend\actions-runner\bin'
[2021-08-30 13:39:28Z INFO HostContext] Well known directory 'Root': 'D:\my-data\other\laravel\foodmarket-backend\actions-runner'
[2021-08-30 13:39:28Z INFO HostContext] Well known config file 'MigratedCredentials': 'D:\my-data\other\laravel\foodmarket-backend\actions-runner\.credentials_migrated'
[2021-08-30 13:39:28Z INFO ConfigurationStore] MigratedCredFilePath: D:\my-data\other\laravel\foodmarket-backend\actions-runner\.credentials_migrated
[2021-08-30 13:39:28Z INFO HostContext] Well known directory 'Bin': 'D:\my-data\other\laravel\foodmarket-backend\actions-runner\bin'
[2021-08-30 13:39:28Z INFO HostContext] Well known directory 'Root': 'D:\my-data\other\laravel\foodmarket-backend\actions-runner'
[2021-08-30 13:39:28Z INFO HostContext] Well known config file 'Service': 'D:\my-data\other\laravel\foodmarket-backend\actions-runner\.service'
[2021-08-30 13:39:28Z INFO ConfigurationStore] ServiceConfigFilePath: D:\my-data\other\laravel\foodmarket-backend\actions-runner\.service
[2021-08-30 13:39:28Z INFO CommandSettings] Flag 'help': 'False'
[2021-08-30 13:39:28Z INFO CommandSettings] Flag 'version': 'False'
[2021-08-30 13:39:28Z INFO CommandSettings] Flag 'commit': 'False'
[2021-08-30 13:39:28Z INFO CommandSettings] Flag 'check': 'False'
[2021-08-30 13:39:28Z INFO CommandSettings] Command 'configure': 'True'
[2021-08-30 13:39:28Z INFO Terminal] WRITE LINE: 
[2021-08-30 13:39:28Z INFO Terminal] WRITE LINE: --------------------------------------------------------------------------------
[2021-08-30 13:39:28Z INFO Terminal] WRITE LINE: |        ____ _ _   _   _       _          _        _   _                      |
[2021-08-30 13:39:28Z INFO Terminal] WRITE LINE: |       / ___(_) |_| | | |_   _| |__      / \   ___| |_(_) ___  _ __  ___      |
[2021-08-30 13:39:28Z INFO Terminal] WRITE LINE: |      | |  _| | __| |_| | | | | '_ \    / _ \ / __| __| |/ _ \| '_ \/ __|     |
[2021-08-30 13:39:28Z INFO Terminal] WRITE LINE: |      | |_| | | |_|  _  | |_| | |_) |  / ___ \ (__| |_| | (_) | | | \__ \     |
[2021-08-30 13:39:28Z INFO Terminal] WRITE LINE: |       \____|_|\__|_| |_|\__,_|_.__/  /_/   \_\___|\__|_|\___/|_| |_|___/     |
[2021-08-30 13:39:28Z INFO Terminal] WRITE LINE: |                                                                              |
[2021-08-30 13:39:28Z INFO Terminal] WRITE: |                       
[2021-08-30 13:39:28Z INFO Terminal] WRITE: Self-hosted runner registration
[2021-08-30 13:39:28Z INFO Terminal] WRITE LINE:                         |
[2021-08-30 13:39:28Z INFO Terminal] WRITE LINE: |                                                                              |
[2021-08-30 13:39:28Z INFO Terminal] WRITE LINE: --------------------------------------------------------------------------------
[2021-08-30 13:39:28Z INFO ConfigurationManager] ConfigureAsync
[2021-08-30 13:39:28Z INFO ConfigurationStore] IsConfigured()
[2021-08-30 13:39:28Z INFO ConfigurationStore] IsConfigured: False
[2021-08-30 13:39:28Z INFO ConfigurationManager] Is configured: False
[2021-08-30 13:39:28Z INFO CommandSettings] Arg 'url': 'https://github.com/anemadhon/foodmarket-bwa'
[2021-08-30 13:39:28Z INFO CommandSettings] Remove url from Arg dictionary.
[2021-08-30 13:39:28Z INFO CommandSettings] Arg 'token': '***'
[2021-08-30 13:39:28Z INFO CommandSettings] Remove token from Arg dictionary.
[2021-08-30 13:39:30Z INFO ConfigurationManager] Http response code: OK from 'POST https://api.github.com/actions/runner-registration'
[2021-08-30 13:39:30Z INFO ConfigurationManager] cred retrieved via GitHub auth
[2021-08-30 13:39:30Z INFO RunnerServer] Establish connection with 100 seconds timeout.
[2021-08-30 13:39:30Z INFO GitHubActionsService] Starting operation Location.GetConnectionData
[2021-08-30 13:39:30Z INFO RunnerServer] Establish connection with 60 seconds timeout.
[2021-08-30 13:39:30Z INFO GitHubActionsService] Starting operation Location.GetConnectionData
[2021-08-30 13:39:30Z INFO RunnerServer] Establish connection with 60 seconds timeout.
[2021-08-30 13:39:30Z INFO GitHubActionsService] Starting operation Location.GetConnectionData
[2021-08-30 13:39:31Z INFO GitHubActionsService] Finished operation Location.GetConnectionData
[2021-08-30 13:39:32Z INFO GitHubActionsService] Finished operation Location.GetConnectionData
[2021-08-30 13:39:32Z INFO GitHubActionsService] Finished operation Location.GetConnectionData
[2021-08-30 13:39:32Z INFO Terminal] WRITE LINE: 
[2021-08-30 13:39:32Z INFO ConfigurationManager] Test Connection complete.
[2021-08-30 13:39:32Z INFO HostContext] Well known directory 'Bin': 'D:\my-data\other\laravel\foodmarket-backend\actions-runner\bin'
[2021-08-30 13:39:32Z INFO HostContext] Well known directory 'Root': 'D:\my-data\other\laravel\foodmarket-backend\actions-runner'
[2021-08-30 13:39:32Z INFO HostContext] Well known config file 'RSACredentials': 'D:\my-data\other\laravel\foodmarket-backend\actions-runner\.credentials_rsaparams'
[2021-08-30 13:39:32Z INFO RSAEncryptedFileKeyManager] Creating new RSA key using 2048-bit key length
[2021-08-30 13:39:32Z INFO RSAEncryptedFileKeyManager] Successfully saved RSA key parameters to file D:\my-data\other\laravel\foodmarket-backend\actions-runner\.credentials_rsaparams
[2021-08-30 13:39:33Z INFO CommandSettings] Arg 'runnergroup': ''
[2021-08-30 13:39:33Z INFO CommandSettings] Flag 'unattended': 'False'
[2021-08-30 13:39:33Z INFO PromptManager] ReadValue
[2021-08-30 13:39:33Z INFO Terminal] WRITE: Enter the name of the runner group to add this runner to: 
[2021-08-30 13:39:33Z INFO Terminal] WRITE: [press Enter for Default] 
[2021-08-30 13:39:33Z INFO Terminal] READ LINE
[2021-08-30 13:39:45Z INFO Terminal] Read value: ''
[2021-08-30 13:39:45Z INFO PromptManager] Falling back to the default: 'Default'
[2021-08-30 13:39:45Z INFO Terminal] WRITE LINE: 
[2021-08-30 13:39:45Z INFO ConfigurationManager] Found a self-hosted runner group with id 1 and name Default
[2021-08-30 13:39:45Z INFO CommandSettings] Arg 'name': ''
[2021-08-30 13:39:45Z INFO CommandSettings] Flag 'unattended': 'False'
[2021-08-30 13:39:45Z INFO PromptManager] ReadValue
[2021-08-30 13:39:45Z INFO Terminal] WRITE: Enter the name of runner: 
[2021-08-30 13:39:45Z INFO Terminal] WRITE: [press Enter for ANEMADHON] 
[2021-08-30 13:39:45Z INFO Terminal] READ LINE
[2021-08-30 13:39:49Z INFO Terminal] Read value: ''
[2021-08-30 13:39:49Z INFO PromptManager] Falling back to the default: 'ANEMADHON'
[2021-08-30 13:39:49Z INFO Terminal] WRITE LINE: 
[2021-08-30 13:39:49Z INFO CommandSettings] Arg 'labels': ''
[2021-08-30 13:39:49Z INFO CommandSettings] Flag 'unattended': 'False'
[2021-08-30 13:39:49Z INFO PromptManager] ReadValue
[2021-08-30 13:39:49Z INFO Terminal] WRITE: This runner will have the following labels: 'self-hosted', 'Windows', 'X64' 
Enter any additional labels (ex. label-1,label-2): 
[2021-08-30 13:39:49Z INFO Terminal] WRITE: [press Enter to skip] 
[2021-08-30 13:39:49Z INFO Terminal] READ LINE
[2021-08-30 13:39:55Z INFO Terminal] Read value: ''
[2021-08-30 13:39:55Z INFO Terminal] WRITE LINE: 
[2021-08-30 13:39:56Z INFO ConfigurationStore] Saving OAuth credential @ D:\my-data\other\laravel\foodmarket-backend\actions-runner\.credentials
[2021-08-30 13:39:57Z INFO ConfigurationStore] Credentials Saved.
[2021-08-30 13:39:57Z INFO ConfigurationStore] HasCredentials()
[2021-08-30 13:39:57Z INFO ConfigurationStore] stored True
[2021-08-30 13:39:57Z INFO CredentialManager] GetCredentialProvider
[2021-08-30 13:39:57Z INFO CredentialManager] Creating type OAuth
[2021-08-30 13:39:57Z INFO CredentialManager] Creating credential type: OAuth
[2021-08-30 13:39:57Z INFO RSAEncryptedFileKeyManager] Loading RSA key parameters from file D:\my-data\other\laravel\foodmarket-backend\actions-runner\.credentials_rsaparams
[2021-08-30 13:39:57Z INFO RunnerServer] Establish connection with 100 seconds timeout.
[2021-08-30 13:39:57Z INFO GitHubActionsService] Starting operation Location.GetConnectionData
[2021-08-30 13:39:57Z INFO RunnerServer] Establish connection with 60 seconds timeout.
[2021-08-30 13:39:57Z INFO GitHubActionsService] Starting operation Location.GetConnectionData
[2021-08-30 13:39:57Z INFO RunnerServer] Establish connection with 60 seconds timeout.
[2021-08-30 13:39:57Z INFO GitHubActionsService] Starting operation Location.GetConnectionData
[2021-08-30 13:39:59Z INFO GitHubActionsService] Finished operation Location.GetConnectionData
[2021-08-30 13:39:59Z INFO GitHubActionsService] Finished operation Location.GetConnectionData
[2021-08-30 13:40:00Z INFO GitHubActionsService] Finished operation Location.GetConnectionData
[2021-08-30 13:40:00Z WARN GitHubActionsService] Authentication failed with status code 401.
WWW-Authenticate: Bearer
Strict-Transport-Security: max-age=2592000
X-TFS-ProcessId: 9d52242f-b563-47b7-b48d-070a84baadf5
ActivityId: 126ac5e9-2452-4091-b480-774980757867
X-TFS-Session: 9b43db2e-29f1-4ed1-983b-97e1c2405875
X-VSS-E2EID: e28bc152-b46f-4075-8418-813a2562c708
X-VSS-SenderDeploymentId: 1139089e-89fd-ce7a-6851-1ac6328a300e
X-TFS-ServiceError: The+user+%27System%3aPublicAccess%3baaaaaaaa-aaaa-aaaa-aaaa-aaaaaaaaaaaa%27+is+not+authorized+to+access+this+resource.
X-VSS-S2STargetService: 0000005A-0000-8888-8000-000000000000/visualstudio.com
X-Cache: CONFIG_NOCACHE
X-MSEdge-Ref: Ref A: 775FE762C0554328BB6CF4A28161A794 Ref B: JKT30EDGE0111 Ref C: 2021-08-30T13:40:00Z
Date: Mon, 30 Aug 2021 13:39:59 GMT

[2021-08-30 13:40:00Z INFO RSAEncryptedFileKeyManager] Loading RSA key parameters from file D:\my-data\other\laravel\foodmarket-backend\actions-runner\.credentials_rsaparams
[2021-08-30 13:40:00Z INFO RSAEncryptedFileKeyManager] Loading RSA key parameters from file D:\my-data\other\laravel\foodmarket-backend\actions-runner\.credentials_rsaparams
[2021-08-30 13:40:02Z INFO GitHubActionsService] AAD Correlation ID for this token request: Unknown
[2021-08-30 13:40:03Z INFO CommandSettings] Arg 'work': ''
[2021-08-30 13:40:03Z INFO CommandSettings] Flag 'unattended': 'False'
[2021-08-30 13:40:03Z INFO PromptManager] ReadValue
[2021-08-30 13:40:03Z INFO Terminal] WRITE: Enter name of work folder: 
[2021-08-30 13:40:03Z INFO Terminal] WRITE: [press Enter for _work] 
[2021-08-30 13:40:03Z INFO Terminal] READ LINE
[2021-08-30 13:40:06Z INFO Terminal] Read value: ''
[2021-08-30 13:40:06Z INFO PromptManager] Falling back to the default: '_work'
[2021-08-30 13:40:06Z INFO ConfigurationStore] Saving runner settings.
[2021-08-30 13:40:06Z INFO ConfigurationStore] Settings Saved.
[2021-08-30 13:40:06Z INFO Terminal] WRITE LINE: 
[2021-08-30 13:40:06Z INFO Terminal] WRITE LINE: 
[2021-08-30 13:40:06Z INFO CommandSettings] Flag 'runasservice': 'False'
[2021-08-30 13:40:06Z INFO CommandSettings] Flag 'unattended': 'False'
[2021-08-30 13:40:06Z INFO PromptManager] ReadValue
[2021-08-30 13:40:06Z INFO Terminal] WRITE: Would you like to run the runner as service? (Y/N) 
[2021-08-30 13:40:06Z INFO Terminal] WRITE: [press Enter for N] 
[2021-08-30 13:40:06Z INFO Terminal] READ LINE
[2021-08-30 13:40:39Z INFO Terminal] Read value: ''
[2021-08-30 13:40:39Z INFO PromptManager] Falling back to the default: 'N'
[2021-08-30 13:40:39Z INFO Listener] Runner execution has finished with return code 0
